Reading netlist file: "/home/noobermin/s/i/ntu/tangtry/Gowin-FPGA-Stopwatch/Stopwatch/impl/gwsynthesis/Stopwatch.vg"
Parsing netlist file "/home/noobermin/s/i/ntu/tangtry/Gowin-FPGA-Stopwatch/Stopwatch/impl/gwsynthesis/Stopwatch.vg" completed
Processing netlist completed
Reading constraint file: "/home/noobermin/s/i/ntu/tangtry/Gowin-FPGA-Stopwatch/Stopwatch/src/StopWatchModule.cst"
Physical Constraint parsed completed
Running placement......
[10%] Placement Phase 0 completed
[20%] Placement Phase 1 completed
[30%] Placement Phase 2 completed
[50%] Placement Phase 3 completed
Running routing......
[60%] Routing Phase 0 completed
[70%] Routing Phase 1 completed
[80%] Routing Phase 2 completed
WARN  (PR1014) : Generic routing resource will be used to clock signal 'sys_clk_d' by the specified constraint. And then it may lead to the excessive delay or skew
[90%] Routing Phase 3 completed
Running timing analysis......
[95%] Timing analysis completed
Placement and routing completed
Bitstream generation in progress......
Bitstream generation completed
Running power analysis......
[100%] Power analysis completed
Generate file "/home/noobermin/s/i/ntu/tangtry/Gowin-FPGA-Stopwatch/Stopwatch/impl/pnr/Stopwatch.power.html" completed
Generate file "/home/noobermin/s/i/ntu/tangtry/Gowin-FPGA-Stopwatch/Stopwatch/impl/pnr/Stopwatch.pin.html" completed
Generate file "/home/noobermin/s/i/ntu/tangtry/Gowin-FPGA-Stopwatch/Stopwatch/impl/pnr/Stopwatch.rpt.html" completed
Generate file "/home/noobermin/s/i/ntu/tangtry/Gowin-FPGA-Stopwatch/Stopwatch/impl/pnr/Stopwatch.rpt.txt" completed
Generate file "/home/noobermin/s/i/ntu/tangtry/Gowin-FPGA-Stopwatch/Stopwatch/impl/pnr/Stopwatch.tr.html" completed
Mon Mar 31 22:58:13 2025

